Base path: /Applications/Unity/Unity.app/Contents
Cmd: initializeCompiler
Cmd: compileComputeKernel
  api=14 insize=2134 outsize=1853 ok=1
Cmd: translateComputeKernel
  api=14 insize=1853 outsize=3061 ok=1
Cmd: compileComputeKernel
  api=14 insize=5188 outsize=7289 ok=1
Cmd: compileComputeKernel
  api=14 insize=9421 outsize=9705 ok=1
Cmd: compileComputeKernel
  api=14 insize=1864 outsize=1725 ok=1
Cmd: translateComputeKernel
  api=14 insize=1145 outsize=1433 ok=1
Cmd: compileComputeKernel
  api=14 insize=1697 outsize=1485 ok=1
Cmd: initializeCompiler
Cmd: initializeCompiler
Cmd: initializeCompiler
Cmd: initializeCompiler

Quitting shader compiler process
